  Game.cpp
C:\Users\arare.DESKTOP-NVMPQJV\source\repos\VideoGame\VideoGame\src\Game.cpp(43,60): warning C4244: '引数': 'float' から 'int' への変換です。データが失われる可能性があります。
C:\Users\arare.DESKTOP-NVMPQJV\source\repos\VideoGame\VideoGame\src\Game.cpp(43,53): warning C4244: '引数': 'float' から 'int' への変換です。データが失われる可能性があります。
  Actor.cpp
  Enemy.cpp
  Friend.cpp
  Goal.cpp
  Mob.cpp
  Object.cpp
  Player.cpp
  Sprite.cpp
  AIComponent.cpp
  BoxColliderComponent.cpp
  CircleComponent.cpp
  Component.cpp
  InputComponent.cpp
  RigidbodyComponent.cpp
  SpriteComponent.cpp
  ConfigureMovementStatus.cpp
  Battle.cpp
  GameClear.cpp
  GameOver.cpp
  コードを生成中...
  コンパイル中...
  KeyConfig.cpp
  Scene.cpp
  Start.cpp
  Visitor.cpp
  VisitorGetPositions.cpp
  コードを生成中...
  VideoGame.vcxproj -> C:\Users\arare.DESKTOP-NVMPQJV\source\repos\VideoGame\x64\Debug\VideoGame.exe
  C:\Users\arare.DESKTOP-NVMPQJV\source\repos\VideoGame\external\SDL2-2.0.22\lib\x64\SDL2.dll
  1 個のファイルをコピーしました
  C:\Users\arare.DESKTOP-NVMPQJV\source\repos\VideoGame\external\SDL2_image-2.0.5\lib\x64\libjpeg-9.dll
  C:\Users\arare.DESKTOP-NVMPQJV\source\repos\VideoGame\external\SDL2_image-2.0.5\lib\x64\libpng16-16.dll
  C:\Users\arare.DESKTOP-NVMPQJV\source\repos\VideoGame\external\SDL2_image-2.0.5\lib\x64\libtiff-5.dll
  C:\Users\arare.DESKTOP-NVMPQJV\source\repos\VideoGame\external\SDL2_image-2.0.5\lib\x64\libwebp-7.dll
  C:\Users\arare.DESKTOP-NVMPQJV\source\repos\VideoGame\external\SDL2_image-2.0.5\lib\x64\SDL2_image.dll
  C:\Users\arare.DESKTOP-NVMPQJV\source\repos\VideoGame\external\SDL2_image-2.0.5\lib\x64\zlib1.dll
  6 個のファイルをコピーしました
  C:\Users\arare.DESKTOP-NVMPQJV\source\repos\VideoGame\external\SDL\lib\x64\SDL2_ttf.dll
  1 個のファイルをコピーしました
