  ConfigureMovementStatus.cpp
  Game.cpp
C:\Users\arare.DESKTOP-NVMPQJV\source\repos\VideoGame\VideoGame\Game.cpp(46,60): warning C4244: '引数': 'float' から 'int' への変換です。データが失われる可能性があります。
C:\Users\arare.DESKTOP-NVMPQJV\source\repos\VideoGame\VideoGame\Game.cpp(46,53): warning C4244: '引数': 'float' から 'int' への変換です。データが失われる可能性があります。
  Goal.cpp
  Mob.cpp
  MoveComponent.cpp
  Player.cpp
  コード生成しています。
  Previous IPDB and IOBJ mismatch, fall back to full compilation.
  All 1271 functions were compiled because no usable IPDB/IOBJ from previous compilation was found.
  コード生成が終了しました。
  VideoGame.vcxproj -> C:\Users\arare.DESKTOP-NVMPQJV\source\repos\VideoGame\x64\Release\VideoGame.exe
  C:\Users\arare.DESKTOP-NVMPQJV\source\repos\VideoGame\external\SDL2-2.0.22\lib\x64\SDL2.dll
  1 個のファイルをコピーしました
  C:\Users\arare.DESKTOP-NVMPQJV\source\repos\VideoGame\external\SDL2_image-2.0.5\lib\x64\libjpeg-9.dll
  C:\Users\arare.DESKTOP-NVMPQJV\source\repos\VideoGame\external\SDL2_image-2.0.5\lib\x64\libpng16-16.dll
  C:\Users\arare.DESKTOP-NVMPQJV\source\repos\VideoGame\external\SDL2_image-2.0.5\lib\x64\libtiff-5.dll
  C:\Users\arare.DESKTOP-NVMPQJV\source\repos\VideoGame\external\SDL2_image-2.0.5\lib\x64\libwebp-7.dll
  C:\Users\arare.DESKTOP-NVMPQJV\source\repos\VideoGame\external\SDL2_image-2.0.5\lib\x64\SDL2_image.dll
  C:\Users\arare.DESKTOP-NVMPQJV\source\repos\VideoGame\external\SDL2_image-2.0.5\lib\x64\zlib1.dll
  6 個のファイルをコピーしました
  C:\Users\arare.DESKTOP-NVMPQJV\source\repos\VideoGame\external\SDL\lib\x64\SDL2_ttf.dll
  1 個のファイルをコピーしました
