c:\users\arare.desktop-nvmpqjv\source\repos\videogame\videogame\x64\release\vc143.pdb
c:\users\arare.desktop-nvmpqjv\source\repos\videogame\videogame\x64\release\timer.obj
c:\users\arare.desktop-nvmpqjv\source\repos\videogame\videogame\x64\release\spritecomponent.obj
c:\users\arare.desktop-nvmpqjv\source\repos\videogame\videogame\x64\release\player.obj
c:\users\arare.desktop-nvmpqjv\source\repos\videogame\videogame\x64\release\object.obj
c:\users\arare.desktop-nvmpqjv\source\repos\videogame\videogame\x64\release\movecomponent.obj
c:\users\arare.desktop-nvmpqjv\source\repos\videogame\videogame\x64\release\mob.obj
c:\users\arare.desktop-nvmpqjv\source\repos\videogame\videogame\x64\release\math.obj
c:\users\arare.desktop-nvmpqjv\source\repos\videogame\videogame\x64\release\main.obj
c:\users\arare.desktop-nvmpqjv\source\repos\videogame\videogame\x64\release\inputcomponent.obj
c:\users\arare.desktop-nvmpqjv\source\repos\videogame\videogame\x64\release\goal.obj
c:\users\arare.desktop-nvmpqjv\source\repos\videogame\videogame\x64\release\game.obj
c:\users\arare.desktop-nvmpqjv\source\repos\videogame\videogame\x64\release\component.obj
c:\users\arare.desktop-nvmpqjv\source\repos\videogame\videogame\x64\release\circlecomponent.obj
c:\users\arare.desktop-nvmpqjv\source\repos\videogame\videogame\x64\release\boxcollidercomponent.obj
c:\users\arare.desktop-nvmpqjv\source\repos\videogame\videogame\x64\release\actor.obj
c:\users\arare.desktop-nvmpqjv\source\repos\videogame\x64\release\videogame.exe
c:\users\arare.desktop-nvmpqjv\source\repos\videogame\videogame\x64\release\videogame.ipdb
c:\users\arare.desktop-nvmpqjv\source\repos\videogame\x64\release\videogame.pdb
c:\users\arare.desktop-nvmpqjv\source\repos\videogame\videogame\x64\release\videogame.iobj
c:\users\arare.desktop-nvmpqjv\source\repos\videogame\videogame\x64\release\videogame.tlog\cl.command.1.tlog
c:\users\arare.desktop-nvmpqjv\source\repos\videogame\videogame\x64\release\videogame.tlog\cl.read.1.tlog
c:\users\arare.desktop-nvmpqjv\source\repos\videogame\videogame\x64\release\videogame.tlog\cl.write.1.tlog
c:\users\arare.desktop-nvmpqjv\source\repos\videogame\videogame\x64\release\videogame.tlog\link.command.1.tlog
c:\users\arare.desktop-nvmpqjv\source\repos\videogame\videogame\x64\release\videogame.tlog\link.read.1.tlog
c:\users\arare.desktop-nvmpqjv\source\repos\videogame\videogame\x64\release\videogame.tlog\link.write.1.tlog
